This is pdfTeX, Version 3.141592653-2.6-1.40.26 (TeX Live 2024) (preloaded format=pdflatex 2025.2.10)  12 FEB 2025 19:11
entering extended mode
 restricted \write18 enabled.
 file:line:error style messages enabled.
 %&-line parsing enabled.
**initialization_diagram.md
(./initialization_diagram.md
LaTeX2e <2023-11-01> patch level 1
L3 programming layer <2024-02-20>
./initialization_diagram.md:2: You can't use `macro parameter character #' in v
ertical mode.
l.2 #
      hola
? 
./initialization_diagram.md:2: Emergency stop.
l.2 
    
End of file on the terminal!

 
Here is how much of TeX's memory you used:
 17 strings out of 474116
 444 string characters out of 5743682
 1925187 words of memory out of 5000000
 22476 multiletter control sequences out of 15000+600000
 558069 words of font info for 36 fonts, out of 8000000 for 9000
 1141 hyphenation exceptions out of 8191
 12i,0n,13p,57b,8s stack positions out of 10000i,1000n,20000p,200000b,200000s
./initialization_diagram.md:2:  ==> Fatal error occurred, no output PDF file pr
oduced!
