[1/27] cl /c /Zp8 /GR /W3 /EHs /nologo /MD /D_CRT_SECURE_NO_DEPRECATE /D_SCL_SECURE_NO_DEPRECATE /D_SECURE_SCL=0   /DMATLAB_MEX_FILE  /DMATLAB_MEX_FILE /O2 /Oy- /DNDEBUG /fp:strict /utf-8 /I "." /I "H:\My Drive\GitHub\CaliAli\Align_sessions" /I "C:\Program Files\MATLAB\R2023a\extern\include" /I ".\interface" /I "." -DHAVE_LAPACK_CONFIG_H -DLAPACK_COMPLEX_STRUCTURE -DMW_HAVE_LAPACK_DECLS -DMODEL=register_in_lite_mex /openmp /wd4101  rt_nonfinite.c /Fobuild\win64\rt_nonfinite.obj
rt_nonfinite.c
[2/27] cl /c /Zp8 /GR /W3 /EHs /nologo /MD /D_CRT_SECURE_NO_DEPRECATE /D_SCL_SECURE_NO_DEPRECATE /D_SECURE_SCL=0   /DMATLAB_MEX_FILE  /DMATLAB_MEX_FILE /O2 /Oy- /DNDEBUG /fp:strict /utf-8 /I "." /I "H:\My Drive\GitHub\CaliAli\Align_sessions" /I "C:\Program Files\MATLAB\R2023a\extern\include" /I ".\interface" /I "." -DHAVE_LAPACK_CONFIG_H -DLAPACK_COMPLEX_STRUCTURE -DMW_HAVE_LAPACK_DECLS -DMODEL=register_in_lite_mex /openmp /wd4101  "C:\Program Files\MATLAB\R2023a\extern\version\c_mexapi_version.c" /Fobuild\win64\c_mexapi_version.obj
c_mexapi_version.c
[3/27] cl /c /Zp8 /GR /W3 /EHs /nologo /MD /D_CRT_SECURE_NO_DEPRECATE /D_SCL_SECURE_NO_DEPRECATE /D_SECURE_SCL=0   /DMATLAB_MEX_FILE  /DMATLAB_MEX_FILE /O2 /Oy- /DNDEBUG /fp:strict /utf-8 /I "." /I "H:\My Drive\GitHub\CaliAli\Align_sessions" /I "C:\Program Files\MATLAB\R2023a\extern\include" /I ".\interface" /I "." -DHAVE_LAPACK_CONFIG_H -DLAPACK_COMPLEX_STRUCTURE -DMW_HAVE_LAPACK_DECLS -DMODEL=register_in_lite_mex /openmp /wd4101  register_in_lite_initialize.c /Fobuild\win64\register_in_lite_initialize.obj
register_in_lite_initialize.c
[4/27] cl /c /Zp8 /GR /W3 /EHs /nologo /MD /D_CRT_SECURE_NO_DEPRECATE /D_SCL_SECURE_NO_DEPRECATE /D_SECURE_SCL=0   /DMATLAB_MEX_FILE  /DMATLAB_MEX_FILE /O2 /Oy- /DNDEBUG /fp:strict /utf-8 /I "." /I "H:\My Drive\GitHub\CaliAli\Align_sessions" /I "C:\Program Files\MATLAB\R2023a\extern\include" /I ".\interface" /I "." -DHAVE_LAPACK_CONFIG_H -DLAPACK_COMPLEX_STRUCTURE -DMW_HAVE_LAPACK_DECLS -DMODEL=register_in_lite_mex /openmp /wd4101  eml_int_forloop_overflow_check.c /Fobuild\win64\eml_int_forloop_overflow_check.obj
eml_int_forloop_overflow_check.c
[5/27] cl /c /Zp8 /GR /W3 /EHs /nologo /MD /D_CRT_SECURE_NO_DEPRECATE /D_SCL_SECURE_NO_DEPRECATE /D_SECURE_SCL=0   /DMATLAB_MEX_FILE  /DMATLAB_MEX_FILE /O2 /Oy- /DNDEBUG /fp:strict /utf-8 /I "." /I "H:\My Drive\GitHub\CaliAli\Align_sessions" /I "C:\Program Files\MATLAB\R2023a\extern\include" /I ".\interface" /I "." -DHAVE_LAPACK_CONFIG_H -DLAPACK_COMPLEX_STRUCTURE -DMW_HAVE_LAPACK_DECLS -DMODEL=register_in_lite_mex /openmp /wd4101  sum.c /Fobuild\win64\sum.obj
sum.c
[6/27] cl /c /Zp8 /GR /W3 /EHs /nologo /MD /D_CRT_SECURE_NO_DEPRECATE /D_SCL_SECURE_NO_DEPRECATE /D_SECURE_SCL=0   /DMATLAB_MEX_FILE  /DMATLAB_MEX_FILE /O2 /Oy- /DNDEBUG /fp:strict /utf-8 /I "." /I "H:\My Drive\GitHub\CaliAli\Align_sessions" /I "C:\Program Files\MATLAB\R2023a\extern\include" /I ".\interface" /I "." -DHAVE_LAPACK_CONFIG_H -DLAPACK_COMPLEX_STRUCTURE -DMW_HAVE_LAPACK_DECLS -DMODEL=register_in_lite_mex /openmp /wd4101  indexShapeCheck.c /Fobuild\win64\indexShapeCheck.obj
indexShapeCheck.c
[7/27] cl /c /Zp8 /GR /W3 /EHs /nologo /MD /D_CRT_SECURE_NO_DEPRECATE /D_SCL_SECURE_NO_DEPRECATE /D_SECURE_SCL=0   /DMATLAB_MEX_FILE  /DMATLAB_MEX_FILE /O2 /Oy- /DNDEBUG /fp:strict /utf-8 /I "." /I "H:\My Drive\GitHub\CaliAli\Align_sessions" /I "C:\Program Files\MATLAB\R2023a\extern\include" /I ".\interface" /I "." -DHAVE_LAPACK_CONFIG_H -DLAPACK_COMPLEX_STRUCTURE -DMW_HAVE_LAPACK_DECLS -DMODEL=register_in_lite_mex /openmp /wd4101  register_in_lite_data.c /Fobuild\win64\register_in_lite_data.obj
register_in_lite_data.c
[8/27] cl /c /Zp8 /GR /W3 /EHs /nologo /MD /D_CRT_SECURE_NO_DEPRECATE /D_SCL_SECURE_NO_DEPRECATE /D_SECURE_SCL=0   /DMATLAB_MEX_FILE  /DMATLAB_MEX_FILE /O2 /Oy- /DNDEBUG /fp:strict /utf-8 /I "." /I "H:\My Drive\GitHub\CaliAli\Align_sessions" /I "C:\Program Files\MATLAB\R2023a\extern\include" /I ".\interface" /I "." -DHAVE_LAPACK_CONFIG_H -DLAPACK_COMPLEX_STRUCTURE -DMW_HAVE_LAPACK_DECLS -DMODEL=register_in_lite_mex /openmp /wd4101  interface\_coder_register_in_lite_info.c /Fobuild\win64\_coder_register_in_lite_info.obj
_coder_register_in_lite_info.c
[9/27] cl /c /Zp8 /GR /W3 /EHs /nologo /MD /D_CRT_SECURE_NO_DEPRECATE /D_SCL_SECURE_NO_DEPRECATE /D_SECURE_SCL=0   /DMATLAB_MEX_FILE  /DMATLAB_MEX_FILE /O2 /Oy- /DNDEBUG /fp:strict /utf-8 /I "." /I "H:\My Drive\GitHub\CaliAli\Align_sessions" /I "C:\Program Files\MATLAB\R2023a\extern\include" /I ".\interface" /I "." -DHAVE_LAPACK_CONFIG_H -DLAPACK_COMPLEX_STRUCTURE -DMW_HAVE_LAPACK_DECLS -DMODEL=register_in_lite_mex /openmp /wd4101  bsearch.c /Fobuild\win64\bsearch.obj
bsearch.c
[10/27] cl /c /Zp8 /GR /W3 /EHs /nologo /MD /D_CRT_SECURE_NO_DEPRECATE /D_SCL_SECURE_NO_DEPRECATE /D_SECURE_SCL=0   /DMATLAB_MEX_FILE  /DMATLAB_MEX_FILE /O2 /Oy- /DNDEBUG /fp:strict /utf-8 /I "." /I "H:\My Drive\GitHub\CaliAli\Align_sessions" /I "C:\Program Files\MATLAB\R2023a\extern\include" /I ".\interface" /I "." -DHAVE_LAPACK_CONFIG_H -DLAPACK_COMPLEX_STRUCTURE -DMW_HAVE_LAPACK_DECLS -DMODEL=register_in_lite_mex /openmp /wd4101  div.c /Fobuild\win64\div.obj
div.c
[11/27] cl /c /Zp8 /GR /W3 /EHs /nologo /MD /D_CRT_SECURE_NO_DEPRECATE /D_SCL_SECURE_NO_DEPRECATE /D_SECURE_SCL=0   /DMATLAB_MEX_FILE  /DMATLAB_MEX_FILE /O2 /Oy- /DNDEBUG /fp:strict /utf-8 /I "." /I "H:\My Drive\GitHub\CaliAli\Align_sessions" /I "C:\Program Files\MATLAB\R2023a\extern\include" /I ".\interface" /I "." -DHAVE_LAPACK_CONFIG_H -DLAPACK_COMPLEX_STRUCTURE -DMW_HAVE_LAPACK_DECLS -DMODEL=register_in_lite_mex /openmp /wd4101  register_in_lite_emxutil.c /Fobuild\win64\register_in_lite_emxutil.obj
register_in_lite_emxutil.c
[12/27] cl /c /Zp8 /GR /W3 /EHs /nologo /MD /D_CRT_SECURE_NO_DEPRECATE /D_SCL_SECURE_NO_DEPRECATE /D_SECURE_SCL=0   /DMATLAB_MEX_FILE  /DMATLAB_MEX_FILE /O2 /Oy- /DNDEBUG /fp:strict /utf-8 /I "." /I "H:\My Drive\GitHub\CaliAli\Align_sessions" /I "C:\Program Files\MATLAB\R2023a\extern\include" /I ".\interface" /I "." -DHAVE_LAPACK_CONFIG_H -DLAPACK_COMPLEX_STRUCTURE -DMW_HAVE_LAPACK_DECLS -DMODEL=register_in_lite_mex /openmp /wd4101  diag.c /Fobuild\win64\diag.obj
diag.c
[13/27] cl /c /Zp8 /GR /W3 /EHs /nologo /MD /D_CRT_SECURE_NO_DEPRECATE /D_SCL_SECURE_NO_DEPRECATE /D_SECURE_SCL=0   /DMATLAB_MEX_FILE  /DMATLAB_MEX_FILE /O2 /Oy- /DNDEBUG /fp:strict /utf-8 /I "." /I "H:\My Drive\GitHub\CaliAli\Align_sessions" /I "C:\Program Files\MATLAB\R2023a\extern\include" /I ".\interface" /I "." -DHAVE_LAPACK_CONFIG_H -DLAPACK_COMPLEX_STRUCTURE -DMW_HAVE_LAPACK_DECLS -DMODEL=register_in_lite_mex /openmp /wd4101  register_in_lite_terminate.c /Fobuild\win64\register_in_lite_terminate.obj
register_in_lite_terminate.c
[14/27] cl /c /Zp8 /GR /W3 /EHs /nologo /MD /D_CRT_SECURE_NO_DEPRECATE /D_SCL_SECURE_NO_DEPRECATE /D_SECURE_SCL=0   /DMATLAB_MEX_FILE  /DMATLAB_MEX_FILE /O2 /Oy- /DNDEBUG /fp:strict /utf-8 /I "." /I "H:\My Drive\GitHub\CaliAli\Align_sessions" /I "C:\Program Files\MATLAB\R2023a\extern\include" /I ".\interface" /I "." -DHAVE_LAPACK_CONFIG_H -DLAPACK_COMPLEX_STRUCTURE -DMW_HAVE_LAPACK_DECLS -DMODEL=register_in_lite_mex /openmp /wd4101  all.c /Fobuild\win64\all.obj
all.c
[15/27] cl /c /Zp8 /GR /W3 /EHs /nologo /MD /D_CRT_SECURE_NO_DEPRECATE /D_SCL_SECURE_NO_DEPRECATE /D_SECURE_SCL=0   /DMATLAB_MEX_FILE  /DMATLAB_MEX_FILE /O2 /Oy- /DNDEBUG /fp:strict /utf-8 /I "." /I "H:\My Drive\GitHub\CaliAli\Align_sessions" /I "C:\Program Files\MATLAB\R2023a\extern\include" /I ".\interface" /I "." -DHAVE_LAPACK_CONFIG_H -DLAPACK_COMPLEX_STRUCTURE -DMW_HAVE_LAPACK_DECLS -DMODEL=register_in_lite_mex /openmp /wd4101  combineVectorElements.c /Fobuild\win64\combineVectorElements.obj
combineVectorElements.c
[16/27] cl /c /Zp8 /GR /W3 /EHs /nologo /MD /D_CRT_SECURE_NO_DEPRECATE /D_SCL_SECURE_NO_DEPRECATE /D_SECURE_SCL=0   /DMATLAB_MEX_FILE  /DMATLAB_MEX_FILE /O2 /Oy- /DNDEBUG /fp:strict /utf-8 /I "." /I "H:\My Drive\GitHub\CaliAli\Align_sessions" /I "C:\Program Files\MATLAB\R2023a\extern\include" /I ".\interface" /I "." -DHAVE_LAPACK_CONFIG_H -DLAPACK_COMPLEX_STRUCTURE -DMW_HAVE_LAPACK_DECLS -DMODEL=register_in_lite_mex /openmp /wd4101  unsafeSxfun.c /Fobuild\win64\unsafeSxfun.obj
unsafeSxfun.c
[17/27] cl /c /Zp8 /GR /W3 /EHs /nologo /MD /D_CRT_SECURE_NO_DEPRECATE /D_SCL_SECURE_NO_DEPRECATE /D_SECURE_SCL=0   /DMATLAB_MEX_FILE  /DMATLAB_MEX_FILE /O2 /Oy- /DNDEBUG /fp:strict /utf-8 /I "." /I "H:\My Drive\GitHub\CaliAli\Align_sessions" /I "C:\Program Files\MATLAB\R2023a\extern\include" /I ".\interface" /I "." -DHAVE_LAPACK_CONFIG_H -DLAPACK_COMPLEX_STRUCTURE -DMW_HAVE_LAPACK_DECLS -DMODEL=register_in_lite_mex /openmp /wd4101  interface\_coder_register_in_lite_mex.c /Fobuild\win64\_coder_register_in_lite_mex.obj
_coder_register_in_lite_mex.c
[18/27] cl /c /Zp8 /GR /W3 /EHs /nologo /MD /D_CRT_SECURE_NO_DEPRECATE /D_SCL_SECURE_NO_DEPRECATE /D_SECURE_SCL=0   /DMATLAB_MEX_FILE  /DMATLAB_MEX_FILE /O2 /Oy- /DNDEBUG /fp:strict /utf-8 /I "." /I "H:\My Drive\GitHub\CaliAli\Align_sessions" /I "C:\Program Files\MATLAB\R2023a\extern\include" /I ".\interface" /I "." -DHAVE_LAPACK_CONFIG_H -DLAPACK_COMPLEX_STRUCTURE -DMW_HAVE_LAPACK_DECLS -DMODEL=register_in_lite_mex /openmp /wd4101  interface\_coder_register_in_lite_api.c /Fobuild\win64\_coder_register_in_lite_api.obj
_coder_register_in_lite_api.c
[19/27] cl /c /Zp8 /GR /W3 /EHs /nologo /MD /D_CRT_SECURE_NO_DEPRECATE /D_SCL_SECURE_NO_DEPRECATE /D_SECURE_SCL=0   /DMATLAB_MEX_FILE  /DMATLAB_MEX_FILE /O2 /Oy- /DNDEBUG /fp:strict /utf-8 /I "." /I "H:\My Drive\GitHub\CaliAli\Align_sessions" /I "C:\Program Files\MATLAB\R2023a\extern\include" /I ".\interface" /I "." -DHAVE_LAPACK_CONFIG_H -DLAPACK_COMPLEX_STRUCTURE -DMW_HAVE_LAPACK_DECLS -DMODEL=register_in_lite_mex /openmp /wd4101  sumMatrixIncludeNaN.c /Fobuild\win64\sumMatrixIncludeNaN.obj
sumMatrixIncludeNaN.c
[20/27] cl /c /Zp8 /GR /W3 /EHs /nologo /MD /D_CRT_SECURE_NO_DEPRECATE /D_SCL_SECURE_NO_DEPRECATE /D_SECURE_SCL=0   /DMATLAB_MEX_FILE  /DMATLAB_MEX_FILE /O2 /Oy- /DNDEBUG /fp:strict /utf-8 /I "." /I "H:\My Drive\GitHub\CaliAli\Align_sessions" /I "C:\Program Files\MATLAB\R2023a\extern\include" /I ".\interface" /I "." -DHAVE_LAPACK_CONFIG_H -DLAPACK_COMPLEX_STRUCTURE -DMW_HAVE_LAPACK_DECLS -DMODEL=register_in_lite_mex /openmp /wd4101  ndgrid.c /Fobuild\win64\ndgrid.obj
ndgrid.c
[21/27] cl /c /Zp8 /GR /W3 /EHs /nologo /MD /D_CRT_SECURE_NO_DEPRECATE /D_SCL_SECURE_NO_DEPRECATE /D_SECURE_SCL=0   /DMATLAB_MEX_FILE  /DMATLAB_MEX_FILE /O2 /Oy- /DNDEBUG /fp:strict /utf-8 /I "." /I "H:\My Drive\GitHub\CaliAli\Align_sessions" /I "C:\Program Files\MATLAB\R2023a\extern\include" /I ".\interface" /I "." -DHAVE_LAPACK_CONFIG_H -DLAPACK_COMPLEX_STRUCTURE -DMW_HAVE_LAPACK_DECLS -DMODEL=register_in_lite_mex /openmp /wd4101  svd.c /Fobuild\win64\svd.obj
svd.c
[22/27] cl /c /Zp8 /GR /W3 /EHs /nologo /MD /D_CRT_SECURE_NO_DEPRECATE /D_SCL_SECURE_NO_DEPRECATE /D_SECURE_SCL=0   /DMATLAB_MEX_FILE  /DMATLAB_MEX_FILE /O2 /Oy- /DNDEBUG /fp:strict /utf-8 /I "." /I "H:\My Drive\GitHub\CaliAli\Align_sessions" /I "C:\Program Files\MATLAB\R2023a\extern\include" /I ".\interface" /I "." -DHAVE_LAPACK_CONFIG_H -DLAPACK_COMPLEX_STRUCTURE -DMW_HAVE_LAPACK_DECLS -DMODEL=register_in_lite_mex /openmp /wd4101  svd1.c /Fobuild\win64\svd1.obj
svd1.c
[23/27] cl /c /Zp8 /GR /W3 /EHs /nologo /MD /D_CRT_SECURE_NO_DEPRECATE /D_SCL_SECURE_NO_DEPRECATE /D_SECURE_SCL=0   /DMATLAB_MEX_FILE  /DMATLAB_MEX_FILE /O2 /Oy- /DNDEBUG /fp:strict /utf-8 /I "." /I "H:\My Drive\GitHub\CaliAli\Align_sessions" /I "C:\Program Files\MATLAB\R2023a\extern\include" /I ".\interface" /I "." -DHAVE_LAPACK_CONFIG_H -DLAPACK_COMPLEX_STRUCTURE -DMW_HAVE_LAPACK_DECLS -DMODEL=register_in_lite_mex /openmp /wd4101  gradient.c /Fobuild\win64\gradient.obj
gradient.c
[24/27] cl /c /Zp8 /GR /W3 /EHs /nologo /MD /D_CRT_SECURE_NO_DEPRECATE /D_SCL_SECURE_NO_DEPRECATE /D_SECURE_SCL=0   /DMATLAB_MEX_FILE  /DMATLAB_MEX_FILE /O2 /Oy- /DNDEBUG /fp:strict /utf-8 /I "." /I "H:\My Drive\GitHub\CaliAli\Align_sessions" /I "C:\Program Files\MATLAB\R2023a\extern\include" /I ".\interface" /I "." -DHAVE_LAPACK_CONFIG_H -DLAPACK_COMPLEX_STRUCTURE -DMW_HAVE_LAPACK_DECLS -DMODEL=register_in_lite_mex /openmp /wd4101  interpn.c /Fobuild\win64\interpn.obj
interpn.c
[25/27] cl /c /Zp8 /GR /W3 /EHs /nologo /MD /D_CRT_SECURE_NO_DEPRECATE /D_SCL_SECURE_NO_DEPRECATE /D_SECURE_SCL=0   /DMATLAB_MEX_FILE  /DMATLAB_MEX_FILE /O2 /Oy- /DNDEBUG /fp:strict /utf-8 /I "." /I "H:\My Drive\GitHub\CaliAli\Align_sessions" /I "C:\Program Files\MATLAB\R2023a\extern\include" /I ".\interface" /I "." -DHAVE_LAPACK_CONFIG_H -DLAPACK_COMPLEX_STRUCTURE -DMW_HAVE_LAPACK_DECLS -DMODEL=register_in_lite_mex /openmp /wd4101  imfilter.c /Fobuild\win64\imfilter.obj
imfilter.c
[26/27] cl /c /Zp8 /GR /W3 /EHs /nologo /MD /D_CRT_SECURE_NO_DEPRECATE /D_SCL_SECURE_NO_DEPRECATE /D_SECURE_SCL=0   /DMATLAB_MEX_FILE  /DMATLAB_MEX_FILE /O2 /Oy- /DNDEBUG /fp:strict /utf-8 /I "." /I "H:\My Drive\GitHub\CaliAli\Align_sessions" /I "C:\Program Files\MATLAB\R2023a\extern\include" /I ".\interface" /I "." -DHAVE_LAPACK_CONFIG_H -DLAPACK_COMPLEX_STRUCTURE -DMW_HAVE_LAPACK_DECLS -DMODEL=register_in_lite_mex /openmp /wd4101  register_in_lite.c /Fobuild\win64\register_in_lite.obj
register_in_lite.c
[27/27] link @register_in_lite_mex.mexw64.rsp "C:\Program Files\MATLAB\R2023a\extern\lib\win64\microsoft\libmwippfilter.lib" "C:\Program Files\MATLAB\R2023a\extern\lib\win64\microsoft\libmwimfilter.lib" /nologo /manifest   /DLL /LIBPATH:"C:\Program Files\MATLAB\R2023a\extern\lib\win64\microsoft" libmx.lib libmex.lib libmat.lib kernel32.lib user32.lib gdi32.lib winspool.lib comdlg32.lib advapi32.lib shell32.lib ole32.lib oleaut32.lib uuid.lib odbc32.lib odbccp32.lib  /out:"register_in_lite_mex.mexw64" /LIBPATH:"C:\Program Files\MATLAB\R2023a\extern\lib\win64\microsoft" libmwlapack.lib libmwblas.lib libemlrt.lib libcovrt.lib libut.lib libmwmathutil.lib libiomp5md.lib /nodefaultlib:vcomp /LIBPATH:"C:\Program Files\MATLAB\R2023a\bin\win64" /export:mexFunction /export:mexfilerequiredapiversion /export:emlrtMexFcnProperties /export:register_in_lite /export:register_in_lite_initialize /export:register_in_lite_terminate /export:register_in_lite_atexit /export:emxEnsureCapacity_boolean_T /export:emxEnsureCapacity_int32_T /export:emxFree_boolean_T /export:emxFree_int32_T /export:emxInit_boolean_T /export:emxInit_int32_T /export:emxFreeMatrix_cell_wrap_3 /export:emxFreeStruct_cell_wrap_3 /export:emxInitMatrix_cell_wrap_3 /export:emxInitStruct_cell_wrap_3 /export:emxEnsureCapacity_real_T /export:emxFree_real_T /export:emxFree_uint8_T /export:emxInit_real_T /export:emxInit_uint8_T /export:emxEnsureCapacity_uint8_T
   Creating library register_in_lite_mex.lib and object register_in_lite_mex.exp
